<?xml version="1.0" encoding="UTF-8"?>
<testng-results ignored="0" total="1" passed="1" failed="0" skipped="0">
  <reporter-output>
  </reporter-output>
  <suite started-at="2024-04-13T00:58:58 IST" name="Suite" finished-at="2024-04-13T00:59:05 IST" duration-ms="6569">
    <groups>
      <group name="cucumber">
        <method signature="runner.scenario(io.cucumber.testng.PickleWrapper,io.cucumber.testng.FeatureWrapper)[pri:0, instance:Runner_file.runner@5b239d7d]" name="scenario" class="Runner_file.runner"/>
      </group> <!-- cucumber -->
    </groups>
    <test started-at="2024-04-13T00:58:58 IST" name="Test" finished-at="2024-04-13T00:59:05 IST" duration-ms="6569">
      <class name="Runner_file.runner">
        <test-method is-config="true" signature="set_up_class()[pri:0, instance:Runner_file.runner@5b239d7d]" started-at="2024-04-13T00:58:58 IST" name="set_up_class" finished-at="2024-04-13T00:58:59 IST" duration-ms="403" status="PASS">
          <reporter-output>
          </reporter-output>
        </test-method> <!-- set_up_class -->
        <test-method signature="scenario(io.cucumber.testng.PickleWrapper,io.cucumber.testng.FeatureWrapper)[pri:0, instance:Runner_file.runner@5b239d7d]" started-at="2024-04-13T00:58:59 IST" name="scenario" description="Runs Cucumber Feature" data-provider="features" finished-at="2024-04-13T00:59:04 IST" duration-ms="5696" status="PASS">
          <params>
            <param index="0">
              <value>
                <![CDATA["Negative_Scenario required_field missing."]]>
              </value>
            </param>
            <param index="1">
              <value>
                <![CDATA["Registration_form."]]>
              </value>
            </param>
          </params>
          <reporter-output>
          </reporter-output>
        </test-method> <!-- scenario -->
        <test-method is-config="true" signature="tear_down_class()[pri:0, instance:Runner_file.runner@5b239d7d]" started-at="2024-04-13T00:59:04 IST" name="tear_down_class" finished-at="2024-04-13T00:59:05 IST" duration-ms="408" status="PASS">
          <reporter-output>
          </reporter-output>
        </test-method> <!-- tear_down_class -->
        <test-method is-config="true" signature="terminate_driver()[pri:0, instance:Runner_file.runner@5b239d7d]" started-at="2024-04-13T00:59:05 IST" name="terminate_driver" finished-at="2024-04-13T00:59:05 IST" duration-ms="158" status="PASS">
          <reporter-output>
          </reporter-output>
        </test-method> <!-- terminate_driver -->
      </class> <!-- Runner_file.runner -->
    </test> <!-- Test -->
  </suite> <!-- Suite -->
</testng-results>
