<?xml version="1.0" encoding="UTF-8"?>
<testsuite xmlns:xsi="http://www.w3.org/2001/XMLSchema-instance" xsi:noNamespaceSchemaLocation="https://maven.apache.org/surefire/maven-surefire-plugin/xsd/surefire-test-report-3.0.xsd" version="3.0" name="TestSuite" time="7.42" tests="1" errors="0" skipped="0" failures="0">
  <properties>
[...]
</properties>
  <testcase name="scenario[&quot;Negative_Scenario required_field missing.&quot;, &quot;Registration_form.&quot;](1)" classname="Runner_file.runner" time="5.698">
    <system-out><![CDATA[Runner is not null: dataprovider
Test_keyword
Test_1
Test_2
{Email=nishatfatima119@gmail.com, Experience Range=0-3, First Name=, Government ID=PAN , Mobile=6789054312, Preffered Role=Automation, Certification=NA, Test_keyword=Test_1, Highest Qualification=Graduate, Govt.ID number=AFNPF3467N, Date of Birth=12-03-1998, Last Name=Fatima, Upload Resume Path=D:/On_The_Spot_Award.pdf}
Blank or null value found
Test_keyword
Test_1
Test_2
{Email=nishatfatima119@gmail.com, Experience Range=0-3, First Name=, Government ID=PAN , Mobile=6789054312, Preffered Role=Automation, Certification=NA, Test_keyword=Test_1, Highest Qualification=Graduate, Govt.ID number=AFNPF3467N, Date of Birth=12-03-1998, Last Name=Fatima, Upload Resume Path=D:/On_The_Spot_Award.pdf}
Test_keyword
Test_1
Test_2
{Email=nishatfatima119@gmail.com, Experience Range=0-3, First Name=, Government ID=PAN , Mobile=6789054312, Preffered Role=Automation, Certification=NA, Test_keyword=Test_1, Highest Qualification=Graduate, Govt.ID number=AFNPF3467N, Date of Birth=12-03-1998, Last Name=Fatima, Upload Resume Path=D:/On_The_Spot_Award.pdf}
Test_keyword
Test_1
Test_2
{Email=nishatfatima119@gmail.com, Experience Range=0-3, First Name=, Government ID=PAN , Mobile=6789054312, Preffered Role=Automation, Certification=NA, Test_keyword=Test_1, Highest Qualification=Graduate, Govt.ID number=AFNPF3467N, Date of Birth=12-03-1998, Last Name=Fatima, Upload Resume Path=D:/On_The_Spot_Award.pdf}
Test_keyword
Test_1
Test_2
{Email=nishatfatima119@gmail.com, Experience Range=0-3, First Name=, Government ID=PAN , Mobile=6789054312, Preffered Role=Automation, Certification=NA, Test_keyword=Test_1, Highest Qualification=Graduate, Govt.ID number=AFNPF3467N, Date of Birth=12-03-1998, Last Name=Fatima, Upload Resume Path=D:/On_The_Spot_Award.pdf}
Test_keyword
Test_1
Test_2
{Email=nishatfatima119@gmail.com, Experience Range=0-3, First Name=, Government ID=PAN , Mobile=6789054312, Preffered Role=Automation, Certification=NA, Test_keyword=Test_1, Highest Qualification=Graduate, Govt.ID number=AFNPF3467N, Date of Birth=12-03-1998, Last Name=Fatima, Upload Resume Path=D:/On_The_Spot_Award.pdf}
Test_keyword
Test_1
Test_2
{Email=nishatfatima119@gmail.com, Experience Range=0-3, First Name=, Government ID=PAN , Mobile=6789054312, Preffered Role=Automation, Certification=NA, Test_keyword=Test_1, Highest Qualification=Graduate, Govt.ID number=AFNPF3467N, Date of Birth=12-03-1998, Last Name=Fatima, Upload Resume Path=D:/On_The_Spot_Award.pdf}

Test_keyword
Test_1
Test_2
{Email=nishatfatima119@gmail.com, Experience Range=0-3, First Name=, Government ID=PAN , Mobile=6789054312, Preffered Role=Automation, Certification=NA, Test_keyword=Test_1, Highest Qualification=Graduate, Govt.ID number=AFNPF3467N, Date of Birth=12-03-1998, Last Name=Fatima, Upload Resume Path=D:/On_The_Spot_Award.pdf}

Test_keyword
Test_1
Test_2
{Email=nishatfatima119@gmail.com, Experience Range=0-3, First Name=, Government ID=PAN , Mobile=6789054312, Preffered Role=Automation, Certification=NA, Test_keyword=Test_1, Highest Qualification=Graduate, Govt.ID number=AFNPF3467N, Date of Birth=12-03-1998, Last Name=Fatima, Upload Resume Path=D:/On_The_Spot_Award.pdf}

Test_keyword
Test_1
Test_2
{Email=nishatfatima119@gmail.com, Experience Range=0-3, First Name=, Government ID=PAN , Mobile=6789054312, Preffered Role=Automation, Certification=NA, Test_keyword=Test_1, Highest Qualification=Graduate, Govt.ID number=AFNPF3467N, Date of Birth=12-03-1998, Last Name=Fatima, Upload Resume Path=D:/On_The_Spot_Award.pdf}

Test_keyword
Test_1
Test_2
{Email=nishatfatima119@gmail.com, Experience Range=0-3, First Name=, Government ID=PAN , Mobile=6789054312, Preffered Role=Automation, Certification=NA, Test_keyword=Test_1, Highest Qualification=Graduate, Govt.ID number=AFNPF3467N, Date of Birth=12-03-1998, Last Name=Fatima, Upload Resume Path=D:/On_The_Spot_Award.pdf}

Test_keyword
Test_1
Test_2
{Email=nishatfatima119@gmail.com, Experience Range=0-3, First Name=, Government ID=PAN , Mobile=6789054312, Preffered Role=Automation, Certification=NA, Test_keyword=Test_1, Highest Qualification=Graduate, Govt.ID number=AFNPF3467N, Date of Birth=12-03-1998, Last Name=Fatima, Upload Resume Path=D:/On_The_Spot_Award.pdf}

Test_keyword
Test_1
Test_2
{Email=nishatfatima119@gmail.com, Experience Range=0-3, First Name=, Government ID=PAN , Mobile=6789054312, Preffered Role=Automation, Certification=NA, Test_keyword=Test_1, Highest Qualification=Graduate, Govt.ID number=AFNPF3467N, Date of Birth=12-03-1998, Last Name=Fatima, Upload Resume Path=D:/On_The_Spot_Award.pdf}
Test_keyword
Test_1
Test_2
{Email=nishatfatima119@gmail.com, Experience Range=0-3, First Name=, Government ID=PAN , Mobile=6789054312, Preffered Role=Automation, Certification=NA, Test_keyword=Test_1, Highest Qualification=Graduate, Govt.ID number=AFNPF3467N, Date of Birth=12-03-1998, Last Name=Fatima, Upload Resume Path=D:/On_The_Spot_Award.pdf}
On_The_Spot_Award.pdf has been uploaded successfully!
Are you sure you want to submit?
Please enter your first name
]]></system-out>
    <system-err><![CDATA[SLF4J: Failed to load class "org.slf4j.impl.StaticLoggerBinder".
SLF4J: Defaulting to no-operation (NOP) logger implementation
SLF4J: See http://www.slf4j.org/codes.html#StaticLoggerBinder for further details.
Apr 13, 2024 12:59:01 AM org.openqa.selenium.devtools.CdpVersionFinder findNearestMatch
WARNING: Unable to find an exact match for CDP version 123, returning the closest version; found: 122; Please update to a Selenium version that supports CDP version 123
ERROR StatusLogger Log4j2 could not find a logging implementation. Please add log4j-core to the classpath. Using SimpleLogger to log to the console...
]]></system-err>
  </testcase>
</testsuite>